{"name": "test_add_user", "status": "failed", "statusDetails": {"message": "AssertionError: User 'queen1234' should exist in search results\nassert False", "trace": "browser = <Browser type=<BrowserType name=chromium executable_path=C:\\Users\\asus\\AppData\\Local\\ms-playwright\\chromium-1129\\chrome-win\\chrome.exe> version=128.0.6613.18>\n\n    def test_add_user(browser):\n        page = browser.new_page()\n    \n        # Step 1: Log in\n        login_page = LoginPage(page)\n        login_page.navigate(\"https://opensource-demo.orangehrmlive.com\")\n        login_page.login(\"Admin\", \"admin123\")\n    \n        # Step 2: Navigate to Admin Page\n        admin_page = AdminPage(page)\n        admin_page.navigate_to_admin_page()\n    \n        # Step 3: Search for the user 'queen1234'\n        admin_page.search_user('queen1234')\n    \n        # Step 4: Verify if user 'queen1234' exists\n        user_exists = admin_page.verify_user_in_results('queen1234')\n>       assert user_exists, \"User 'queen1234' should exist in search results\"\nE       AssertionError: User 'queen1234' should exist in search results\nE       assert False\n\ntests\\test_add_user.py:22: AssertionError"}, "start": 1726050093444, "stop": 1726050111393, "uuid": "c29f2478-1fe2-4bb1-aeaa-9379560f6219", "historyId": "c9f2cc7c191164617b0be49d8e39ce75", "testCaseId": "c9f2cc7c191164617b0be49d8e39ce75", "fullName": "tests.test_add_user#test_add_user", "labels": [{"name": "parentSuite", "value": "tests"}, {"name": "suite", "value": "test_add_user"}, {"name": "host", "value": "Holy-Fuck"}, {"name": "thread", "value": "9920-MainThread"}, {"name": "framework", "value": "pytest"}, {"name": "language", "value": "cpython3"}, {"name": "package", "value": "tests.test_add_user"}]}